Build started 2016/8/29 16:34:25.
     1>Project "D:\work\github\eSDK_TP_SDK_Windows_CPP\eSDK_TP_SDK_Windows_CPP\sample\eSDK_TP_Native_CPP_Demo\TP_Native_Demo\TP_Native_Demo.vcxproj" on node 2 (build target(s)).
     1>InitializeBuildStatus:
         Creating "Debug\TP_Native_Demo.unsuccessfulbuild" because "AlwaysCreate" was specified.
       ClCompile:
         d:\Program Files\Microsoft Visual Studio 10.0\VC\bin\CL.exe /c /I../input/include /ZI /nologo /W3 /WX- /Od /Oy- /D WIN32 /D _WINDOWS /D _DEBUG /D _MBCS /D _AFXDLL /Gm /EHsc /RTC1 /MDd /GS /fp:precise /Zc:wchar_t /Zc:forScope /Yc"StdAfx.h" /Fp"Debug\TP_Native_Demo.pch" /Fo"Debug\\" /Fd"Debug\vc100.pdb" /Gd /TP /analyze- /errorReport:prompt stdafx.cpp
         stdafx.cpp
         d:\Program Files\Microsoft Visual Studio 10.0\VC\bin\CL.exe /c /I../input/include /ZI /nologo /W3 /WX- /Od /Oy- /D WIN32 /D _WINDOWS /D _DEBUG /D _MBCS /D _AFXDLL /Gm /EHsc /RTC1 /MDd /GS /fp:precise /Zc:wchar_t /Zc:forScope /Yu"StdAfx.h" /Fp"Debug\TP_Native_Demo.pch" /Fo"Debug\\" /Fd"Debug\vc100.pdb" /Gd /TP /analyze- /errorReport:prompt base64.cpp CSHADigest.cpp TP_Native_AddSiteTOConfDlg.cpp TP_Native_AdhocConfTempManage.cpp TP_Native_AllSitesList.cpp TP_Native_BroadcastSiteDlg.cpp TP_Native_ConfControl.cpp TP_Native_ConfManageDlg.cpp TP_Native_ConnectSiteDlg.cpp TP_Native_Demo.cpp TP_Native_DemoDlg.cpp TP_Native_MangerDlg.cpp TP_Native_OtherInterface.cpp TP_Native_ScheduleConfDlg.cpp TP_Native_Sheet.cpp TP_Tool.cpp
         TP_Tool.cpp
         TP_Native_Sheet.cpp
         TP_Native_ScheduleConfDlg.cpp
     1>d:\work\github\esdk_tp_sdk_windows_cpp\esdk_tp_sdk_windows_cpp\sample\esdk_tp_native_cpp_demo\tp_native_demo\tp_native_scheduleconfdlg.cpp(311): warning C4018: '<' : signed/unsigned mismatch
     1>d:\work\github\esdk_tp_sdk_windows_cpp\esdk_tp_sdk_windows_cpp\sample\esdk_tp_native_cpp_demo\tp_native_demo\tp_native_scheduleconfdlg.cpp(461): warning C4018: '<' : signed/unsigned mismatch
         TP_Native_OtherInterface.cpp
     1>d:\work\github\esdk_tp_sdk_windows_cpp\esdk_tp_sdk_windows_cpp\sample\esdk_tp_native_cpp_demo\tp_native_demo\tp_native_otherinterface.cpp(405): warning C4018: '<' : signed/unsigned mismatch
     1>d:\work\github\esdk_tp_sdk_windows_cpp\esdk_tp_sdk_windows_cpp\sample\esdk_tp_native_cpp_demo\tp_native_demo\tp_native_otherinterface.cpp(408): warning C4018: '<' : signed/unsigned mismatch
         TP_Native_MangerDlg.cpp
         TP_Native_DemoDlg.cpp
         TP_Native_Demo.cpp
         TP_Native_ConnectSiteDlg.cpp
     1>d:\work\github\esdk_tp_sdk_windows_cpp\esdk_tp_sdk_windows_cpp\sample\esdk_tp_native_cpp_demo\tp_native_demo\tp_native_connectsitedlg.cpp(94): warning C4018: '<' : signed/unsigned mismatch
         TP_Native_ConfManageDlg.cpp
     1>d:\work\github\esdk_tp_sdk_windows_cpp\esdk_tp_sdk_windows_cpp\sample\esdk_tp_native_cpp_demo\tp_native_demo\tp_native_confmanagedlg.cpp(392): warning C4018: '<' : signed/unsigned mismatch
     1>d:\work\github\esdk_tp_sdk_windows_cpp\esdk_tp_sdk_windows_cpp\sample\esdk_tp_native_cpp_demo\tp_native_demo\tp_native_confmanagedlg.cpp(426): warning C4018: '<' : signed/unsigned mismatch
     1>d:\work\github\esdk_tp_sdk_windows_cpp\esdk_tp_sdk_windows_cpp\sample\esdk_tp_native_cpp_demo\tp_native_demo\tp_native_confmanagedlg.cpp(563): warning C4018: '<' : signed/unsigned mismatch
         TP_Native_ConfControl.cpp
         TP_Native_BroadcastSiteDlg.cpp
         TP_Native_AllSitesList.cpp
         TP_Native_AdhocConfTempManage.cpp
         TP_Native_AddSiteTOConfDlg.cpp
     1>d:\work\github\esdk_tp_sdk_windows_cpp\esdk_tp_sdk_windows_cpp\sample\esdk_tp_native_cpp_demo\tp_native_demo\tp_native_addsitetoconfdlg.cpp(162): warning C4018: '<' : signed/unsigned mismatch
         CSHADigest.cpp
         base64.cpp
         Generating Code...
       ResourceCompile:
         C:\Program Files\Microsoft SDKs\Windows\v7.0A\bin\rc.exe /D _DEBUG /D _AFXDLL /l"0x0409" /IDebug\ /nologo /fo"Debug\TP_Native_Demo.res" TP_Native_Demo.rc 
       ManifestResourceCompile:
         C:\Program Files\Microsoft SDKs\Windows\v7.0A\bin\rc.exe /nologo /fo"Debug\TP_Native_Demo.exe.embed.manifest.res" Debug\TP_Native_Demo_manifest.rc 
       Link:
         d:\Program Files\Microsoft Visual Studio 10.0\VC\bin\link.exe /ERRORREPORT:PROMPT /OUT:"D:\work\github\eSDK_TP_SDK_Windows_CPP\eSDK_TP_SDK_Windows_CPP\sample\eSDK_TP_Native_CPP_Demo\Debug\TP_Native_Demo.exe" /INCREMENTAL /NOLOGO /LIBPATH:../input/lib/Debug /LIBPATH:../debug TP_Native_SDK.lib /MANIFEST /ManifestFile:"Debug\TP_Native_Demo.exe.intermediate.manifest" /MANIFESTUAC:"level='asInvoker' uiAccess='false'" /DEBUG /PDB:"D:\work\github\eSDK_TP_SDK_Windows_CPP\eSDK_TP_SDK_Windows_CPP\sample\eSDK_TP_Native_CPP_Demo\Debug\TP_Native_Demo.pdb" /SUBSYSTEM:WINDOWS /TLBID:1 /DYNAMICBASE /NXCOMPAT /IMPLIB:"D:\work\github\eSDK_TP_SDK_Windows_CPP\eSDK_TP_SDK_Windows_CPP\sample\eSDK_TP_Native_CPP_Demo\Debug\TP_Native_Demo.lib" /MACHINE:X86 Debug\TP_Native_Demo.res
         Debug\TP_Native_Demo.exe.embed.manifest.res
         Debug\base64.obj
         Debug\CSHADigest.obj
         Debug\stdafx.obj
         Debug\TP_Native_AddSiteTOConfDlg.obj
         Debug\TP_Native_AdhocConfTempManage.obj
         Debug\TP_Native_AllSitesList.obj
         Debug\TP_Native_BroadcastSiteDlg.obj
         Debug\TP_Native_ConfControl.obj
         Debug\TP_Native_ConfManageDlg.obj
         Debug\TP_Native_ConnectSiteDlg.obj
         Debug\TP_Native_Demo.obj
         Debug\TP_Native_DemoDlg.obj
         Debug\TP_Native_MangerDlg.obj
         Debug\TP_Native_OtherInterface.obj
         Debug\TP_Native_ScheduleConfDlg.obj
         Debug\TP_Native_Sheet.obj
         Debug\TP_Tool.obj
       Manifest:
         C:\Program Files\Microsoft SDKs\Windows\v7.0A\bin\mt.exe /nologo /verbose /out:"Debug\TP_Native_Demo.exe.embed.manifest" /manifest Debug\TP_Native_Demo.exe.intermediate.manifest "d:\Program Files\Microsoft Visual Studio 10.0\VC\Include\Manifest\dpiaware.manifest"
         C:\Program Files\Microsoft SDKs\Windows\v7.0A\bin\rc.exe /nologo /fo"Debug\TP_Native_Demo.exe.embed.manifest.res" Debug\TP_Native_Demo_manifest.rc 
       LinkEmbedManifest:
         d:\Program Files\Microsoft Visual Studio 10.0\VC\bin\link.exe /ERRORREPORT:PROMPT /OUT:"D:\work\github\eSDK_TP_SDK_Windows_CPP\eSDK_TP_SDK_Windows_CPP\sample\eSDK_TP_Native_CPP_Demo\Debug\TP_Native_Demo.exe" /INCREMENTAL /NOLOGO /LIBPATH:../input/lib/Debug /LIBPATH:../debug TP_Native_SDK.lib /MANIFEST /ManifestFile:"Debug\TP_Native_Demo.exe.intermediate.manifest" /MANIFESTUAC:"level='asInvoker' uiAccess='false'" /DEBUG /PDB:"D:\work\github\eSDK_TP_SDK_Windows_CPP\eSDK_TP_SDK_Windows_CPP\sample\eSDK_TP_Native_CPP_Demo\Debug\TP_Native_Demo.pdb" /SUBSYSTEM:WINDOWS /TLBID:1 /DYNAMICBASE /NXCOMPAT /IMPLIB:"D:\work\github\eSDK_TP_SDK_Windows_CPP\eSDK_TP_SDK_Windows_CPP\sample\eSDK_TP_Native_CPP_Demo\Debug\TP_Native_Demo.lib" /MACHINE:X86 Debug\TP_Native_Demo.res
         Debug\TP_Native_Demo.exe.embed.manifest.res
         Debug\base64.obj
         Debug\CSHADigest.obj
         Debug\stdafx.obj
         Debug\TP_Native_AddSiteTOConfDlg.obj
         Debug\TP_Native_AdhocConfTempManage.obj
         Debug\TP_Native_AllSitesList.obj
         Debug\TP_Native_BroadcastSiteDlg.obj
         Debug\TP_Native_ConfControl.obj
         Debug\TP_Native_ConfManageDlg.obj
         Debug\TP_Native_ConnectSiteDlg.obj
         Debug\TP_Native_Demo.obj
         Debug\TP_Native_DemoDlg.obj
         Debug\TP_Native_MangerDlg.obj
         Debug\TP_Native_OtherInterface.obj
         Debug\TP_Native_ScheduleConfDlg.obj
         Debug\TP_Native_Sheet.obj
         Debug\TP_Tool.obj
         TP_Native_Demo.vcxproj -> D:\work\github\eSDK_TP_SDK_Windows_CPP\eSDK_TP_SDK_Windows_CPP\sample\eSDK_TP_Native_CPP_Demo\Debug\TP_Native_Demo.exe
       FinalizeBuildStatus:
         Deleting file "Debug\TP_Native_Demo.unsuccessfulbuild".
         Touching "Debug\TP_Native_Demo.lastbuildstate".
     1>Done Building Project "D:\work\github\eSDK_TP_SDK_Windows_CPP\eSDK_TP_SDK_Windows_CPP\sample\eSDK_TP_Native_CPP_Demo\TP_Native_Demo\TP_Native_Demo.vcxproj" (build target(s)).

Build succeeded.

Time Elapsed 00:00:09.38
