Build started 2016/8/29 16:33:09.
     1>Project "D:\work\github\eSDK_TP_SDK_Windows_CPP\eSDK_TP_SDK_Windows_CPP\sample\eSDK_TP_KeepAlive_CPP_Demo\TP_KeepAlive_Demo\TP_KeepAlive_Demo.vcxproj" on node 2 (build target(s)).
     1>InitializeBuildStatus:
         Creating "Release\TP_KeepAlive_Demo.unsuccessfulbuild" because "AlwaysCreate" was specified.
       ClCompile:
         d:\Program Files\Microsoft Visual Studio 10.0\VC\bin\CL.exe /c /I../include /Zi /nologo /W3 /WX- /O2 /Oi /Oy- /GL /D WIN32 /D _WINDOWS /D NDEBUG /D _MBCS /D _AFXDLL /Gm- /EHsc /MD /GS /Gy /fp:precise /Zc:wchar_t /Zc:forScope /Yc"StdAfx.h" /Fp"Release\TP_KeepAlive_Demo.pch" /Fo"Release\\" /Fd"Release\vc100.pdb" /Gd /TP /analyze- /errorReport:prompt stdafx.cpp
         stdafx.cpp
         d:\Program Files\Microsoft Visual Studio 10.0\VC\bin\CL.exe /c /I../include /Zi /nologo /W3 /WX- /O2 /Oi /Oy- /GL /D WIN32 /D _WINDOWS /D NDEBUG /D _MBCS /D _AFXDLL /Gm- /EHsc /MD /GS /Gy /fp:precise /Zc:wchar_t /Zc:forScope /Yu"StdAfx.h" /Fp"Release\TP_KeepAlive_Demo.pch" /Fo"Release\\" /Fd"Release\vc100.pdb" /Gd /TP /analyze- /errorReport:prompt TP_KeepAlive_Demo.cpp TP_KeepAlive_DemoDlg.cpp
         TP_KeepAlive_Demo.cpp
         TP_KeepAlive_DemoDlg.cpp
       ResourceCompile:
         C:\Program Files\Microsoft SDKs\Windows\v7.0A\bin\rc.exe /D NDEBUG /D _AFXDLL /l"0x0409" /IRelease\ /nologo /fo"Release\TP_KeepAlive_Demo.res" TP_KeepAlive_Demo.rc 
       Link:
         d:\Program Files\Microsoft Visual Studio 10.0\VC\bin\link.exe /ERRORREPORT:PROMPT /OUT:"D:\work\github\eSDK_TP_SDK_Windows_CPP\eSDK_TP_SDK_Windows_CPP\sample\eSDK_TP_KeepAlive_CPP_Demo\Release\TP_KeepAlive_Demo.exe" /INCREMENTAL:NO /NOLOGO /LIBPATH:../lib/release/ TP_Native_SDK.lib /MANIFEST /ManifestFile:"Release\TP_KeepAlive_Demo.exe.intermediate.manifest" /MANIFESTUAC:"level='asInvoker' uiAccess='false'" /DEBUG /PDB:"D:\work\github\eSDK_TP_SDK_Windows_CPP\eSDK_TP_SDK_Windows_CPP\sample\eSDK_TP_KeepAlive_CPP_Demo\Release\TP_KeepAlive_Demo.pdb" /SUBSYSTEM:WINDOWS /OPT:REF /OPT:ICF /LTCG /TLBID:1 /DYNAMICBASE /NXCOMPAT /IMPLIB:"D:\work\github\eSDK_TP_SDK_Windows_CPP\eSDK_TP_SDK_Windows_CPP\sample\eSDK_TP_KeepAlive_CPP_Demo\Release\TP_KeepAlive_Demo.lib" /MACHINE:X86 Release\TP_KeepAlive_Demo.res
         Release\stdafx.obj
         Release\TP_KeepAlive_Demo.obj
         Release\TP_KeepAlive_DemoDlg.obj
         Generating code
         Finished generating code
         TP_KeepAlive_Demo.vcxproj -> D:\work\github\eSDK_TP_SDK_Windows_CPP\eSDK_TP_SDK_Windows_CPP\sample\eSDK_TP_KeepAlive_CPP_Demo\Release\TP_KeepAlive_Demo.exe
       Manifest:
         C:\Program Files\Microsoft SDKs\Windows\v7.0A\bin\mt.exe /nologo /verbose /outputresource:"D:\work\github\eSDK_TP_SDK_Windows_CPP\eSDK_TP_SDK_Windows_CPP\sample\eSDK_TP_KeepAlive_CPP_Demo\Release\TP_KeepAlive_Demo.exe;#1" /manifest Release\TP_KeepAlive_Demo.exe.intermediate.manifest "d:\Program Files\Microsoft Visual Studio 10.0\VC\Include\Manifest\dpiaware.manifest"
       FinalizeBuildStatus:
         Deleting file "Release\TP_KeepAlive_Demo.unsuccessfulbuild".
         Touching "Release\TP_KeepAlive_Demo.lastbuildstate".
     1>Done Building Project "D:\work\github\eSDK_TP_SDK_Windows_CPP\eSDK_TP_SDK_Windows_CPP\sample\eSDK_TP_KeepAlive_CPP_Demo\TP_KeepAlive_Demo\TP_KeepAlive_Demo.vcxproj" (build target(s)).

Build succeeded.

Time Elapsed 00:00:05.47
