Build started 2016/8/29 16:27:10.
     1>Project "D:\work\github\eSDK_TP_SDK_Windows_CPP\eSDK_TP_SDK_Windows_CPP\sample\eSDK_TP_AdhocConfTemp_CPP_Demo\TP_AdhocConfTempDemo\TP_AdhocConfTempDemo.vcxproj" on node 2 (rebuild target(s)).
     1>InitializeBuildStatus:
         Creating "Debug\eSDK_TP_Native_CPP_AdhocConfTemp_Demo.unsuccessfulbuild" because "AlwaysCreate" was specified.
       ClCompile:
         d:\Program Files\Microsoft Visual Studio 10.0\VC\bin\CL.exe /c /ID:\work\github\eSDK_TP_SDK_Windows_CPP\eSDK_TP_SDK_Windows_CPP\sample\eSDK_TP_AdhocConfTemp_CPP_Demo\input\include\ /ZI /nologo /W3 /WX- /Od /Oy- /D WIN32 /D _WINDOWS /D _DEBUG /D _MBCS /D _AFXDLL /Gm /EHsc /RTC1 /MDd /GS /fp:precise /Zc:wchar_t /Zc:forScope /Yc"StdAfx.h" /Fp"Debug\eSDK_TP_Native_CPP_AdhocConfTemp_Demo.pch" /Fo"Debug\\" /Fd"Debug\vc100.pdb" /Gd /TP /analyze- /errorReport:prompt stdafx.cpp
         stdafx.cpp
         d:\Program Files\Microsoft Visual Studio 10.0\VC\bin\CL.exe /c /ID:\work\github\eSDK_TP_SDK_Windows_CPP\eSDK_TP_SDK_Windows_CPP\sample\eSDK_TP_AdhocConfTemp_CPP_Demo\input\include\ /ZI /nologo /W3 /WX- /Od /Oy- /D WIN32 /D _WINDOWS /D _DEBUG /D _MBCS /D _AFXDLL /Gm /EHsc /RTC1 /MDd /GS /fp:precise /Zc:wchar_t /Zc:forScope /Yu"StdAfx.h" /Fp"Debug\eSDK_TP_Native_CPP_AdhocConfTemp_Demo.pch" /Fo"Debug\\" /Fd"Debug\vc100.pdb" /Gd /TP /analyze- /errorReport:prompt AddAdhocConfTempDlg.cpp ScheduleAdhocConfTempDlg.cpp TP_AdhocConfTempDemo.cpp TP_AdhocConfTempDemoDlg.cpp TP_Native_Sheet.cpp
         TP_Native_Sheet.cpp
         TP_AdhocConfTempDemoDlg.cpp
         TP_AdhocConfTempDemo.cpp
         ScheduleAdhocConfTempDlg.cpp
         AddAdhocConfTempDlg.cpp
         Generating Code...
       ResourceCompile:
         C:\Program Files\Microsoft SDKs\Windows\v7.0A\bin\rc.exe /D _DEBUG /D _AFXDLL /l"0x0409" /IDebug\ /nologo /fo"Debug\TP_AdhocConfTempDemo.res" TP_AdhocConfTempDemo.rc 
       ManifestResourceCompile:
         C:\Program Files\Microsoft SDKs\Windows\v7.0A\bin\rc.exe /nologo /fo"Debug\eSDK_TP_Native_CPP_AdhocConfTemp_Demo.exe.embed.manifest.res" Debug\eSDK_TP_Native_CPP_AdhocConfTemp_Demo_manifest.rc 
       Link:
         d:\Program Files\Microsoft Visual Studio 10.0\VC\bin\link.exe /ERRORREPORT:PROMPT /OUT:"D:\work\github\eSDK_TP_SDK_Windows_CPP\eSDK_TP_SDK_Windows_CPP\sample\eSDK_TP_AdhocConfTemp_CPP_Demo\Debug\eSDK_TP_Native_CPP_AdhocConfTemp_Demo.exe" /INCREMENTAL /NOLOGO /LIBPATH:D:\work\github\eSDK_TP_SDK_Windows_CPP\eSDK_TP_SDK_Windows_CPP\sample\eSDK_TP_AdhocConfTemp_CPP_Demo\input\lib\debug\ TP_Native_SDK.lib /MANIFEST /ManifestFile:"Debug\eSDK_TP_Native_CPP_AdhocConfTemp_Demo.exe.intermediate.manifest" /MANIFESTUAC:"level='asInvoker' uiAccess='false'" /DEBUG /PDB:"D:\work\github\eSDK_TP_SDK_Windows_CPP\eSDK_TP_SDK_Windows_CPP\sample\eSDK_TP_AdhocConfTemp_CPP_Demo\Debug\eSDK_TP_Native_CPP_AdhocConfTemp_Demo.pdb" /SUBSYSTEM:WINDOWS /TLBID:1 /DYNAMICBASE /NXCOMPAT /IMPLIB:"D:\work\github\eSDK_TP_SDK_Windows_CPP\eSDK_TP_SDK_Windows_CPP\sample\eSDK_TP_AdhocConfTemp_CPP_Demo\Debug\eSDK_TP_Native_CPP_AdhocConfTemp_Demo.lib" /MACHINE:X86 Debug\TP_AdhocConfTempDemo.res
         Debug\eSDK_TP_Native_CPP_AdhocConfTemp_Demo.exe.embed.manifest.res
         Debug\AddAdhocConfTempDlg.obj
         Debug\ScheduleAdhocConfTempDlg.obj
         Debug\stdafx.obj
         Debug\TP_AdhocConfTempDemo.obj
         Debug\TP_AdhocConfTempDemoDlg.obj
         Debug\TP_Native_Sheet.obj
       Manifest:
         Deleting file "Debug\eSDK_TP_Native_CPP_AdhocConfTemp_Demo.exe.embed.manifest".
         C:\Program Files\Microsoft SDKs\Windows\v7.0A\bin\mt.exe /nologo /verbose /out:"Debug\eSDK_TP_Native_CPP_AdhocConfTemp_Demo.exe.embed.manifest" /manifest Debug\eSDK_TP_Native_CPP_AdhocConfTemp_Demo.exe.intermediate.manifest "d:\Program Files\Microsoft Visual Studio 10.0\VC\Include\Manifest\dpiaware.manifest"
         C:\Program Files\Microsoft SDKs\Windows\v7.0A\bin\rc.exe /nologo /fo"Debug\eSDK_TP_Native_CPP_AdhocConfTemp_Demo.exe.embed.manifest.res" Debug\eSDK_TP_Native_CPP_AdhocConfTemp_Demo_manifest.rc 
       LinkEmbedManifest:
         d:\Program Files\Microsoft Visual Studio 10.0\VC\bin\link.exe /ERRORREPORT:PROMPT /OUT:"D:\work\github\eSDK_TP_SDK_Windows_CPP\eSDK_TP_SDK_Windows_CPP\sample\eSDK_TP_AdhocConfTemp_CPP_Demo\Debug\eSDK_TP_Native_CPP_AdhocConfTemp_Demo.exe" /INCREMENTAL /NOLOGO /LIBPATH:D:\work\github\eSDK_TP_SDK_Windows_CPP\eSDK_TP_SDK_Windows_CPP\sample\eSDK_TP_AdhocConfTemp_CPP_Demo\input\lib\debug\ TP_Native_SDK.lib /MANIFEST /ManifestFile:"Debug\eSDK_TP_Native_CPP_AdhocConfTemp_Demo.exe.intermediate.manifest" /MANIFESTUAC:"level='asInvoker' uiAccess='false'" /DEBUG /PDB:"D:\work\github\eSDK_TP_SDK_Windows_CPP\eSDK_TP_SDK_Windows_CPP\sample\eSDK_TP_AdhocConfTemp_CPP_Demo\Debug\eSDK_TP_Native_CPP_AdhocConfTemp_Demo.pdb" /SUBSYSTEM:WINDOWS /TLBID:1 /DYNAMICBASE /NXCOMPAT /IMPLIB:"D:\work\github\eSDK_TP_SDK_Windows_CPP\eSDK_TP_SDK_Windows_CPP\sample\eSDK_TP_AdhocConfTemp_CPP_Demo\Debug\eSDK_TP_Native_CPP_AdhocConfTemp_Demo.lib" /MACHINE:X86 Debug\TP_AdhocConfTempDemo.res
         Debug\eSDK_TP_Native_CPP_AdhocConfTemp_Demo.exe.embed.manifest.res
         Debug\AddAdhocConfTempDlg.obj
         Debug\ScheduleAdhocConfTempDlg.obj
         Debug\stdafx.obj
         Debug\TP_AdhocConfTempDemo.obj
         Debug\TP_AdhocConfTempDemoDlg.obj
         Debug\TP_Native_Sheet.obj
         TP_AdhocConfTempDemo.vcxproj -> D:\work\github\eSDK_TP_SDK_Windows_CPP\eSDK_TP_SDK_Windows_CPP\sample\eSDK_TP_AdhocConfTemp_CPP_Demo\Debug\eSDK_TP_Native_CPP_AdhocConfTemp_Demo.exe
       FinalizeBuildStatus:
         Deleting file "Debug\eSDK_TP_Native_CPP_AdhocConfTemp_Demo.unsuccessfulbuild".
         Touching "Debug\eSDK_TP_Native_CPP_AdhocConfTemp_Demo.lastbuildstate".
     1>Done Building Project "D:\work\github\eSDK_TP_SDK_Windows_CPP\eSDK_TP_SDK_Windows_CPP\sample\eSDK_TP_AdhocConfTemp_CPP_Demo\TP_AdhocConfTempDemo\TP_AdhocConfTempDemo.vcxproj" (rebuild target(s)).

Build succeeded.

Time Elapsed 00:00:20.03
