Build started 2016/8/29 16:32:16.
     1>Project "D:\work\github\eSDK_TP_SDK_Windows_CPP\eSDK_TP_SDK_Windows_CPP\sample\eSDK_TP_HoldMultiConf_CPP_Demo\HoldMultiConf\HoldMultiConf.vcxproj" on node 2 (build target(s)).
     1>InitializeBuildStatus:
         Creating "Debug\eSDK_TP_Native_CPP_HoldMultiConf_Demo.unsuccessfulbuild" because "AlwaysCreate" was specified.
       ClCompile:
         d:\Program Files\Microsoft Visual Studio 10.0\VC\bin\CL.exe /c /I../input/include /ZI /nologo /W3 /WX- /Od /Oy- /D WIN32 /D _WINDOWS /D _DEBUG /D _MBCS /D _AFXDLL /Gm /EHsc /RTC1 /MDd /GS /fp:precise /Zc:wchar_t /Zc:forScope /Yc"StdAfx.h" /Fp"Debug\eSDK_TP_Native_CPP_HoldMultiConf_Demo.pch" /Fo"Debug\\" /Fd"Debug\vc100.pdb" /Gd /TP /analyze- /errorReport:prompt stdafx.cpp
         stdafx.cpp
         d:\Program Files\Microsoft Visual Studio 10.0\VC\bin\CL.exe /c /I../input/include /ZI /nologo /W3 /WX- /Od /Oy- /D WIN32 /D _WINDOWS /D _DEBUG /D _MBCS /D _AFXDLL /Gm /EHsc /RTC1 /MDd /GS /fp:precise /Zc:wchar_t /Zc:forScope /Yu"StdAfx.h" /Fp"Debug\eSDK_TP_Native_CPP_HoldMultiConf_Demo.pch" /Fo"Debug\\" /Fd"Debug\vc100.pdb" /Gd /TP /analyze- /errorReport:prompt HoldMultiConf.cpp HoldMultiConfDlg.cpp
         HoldMultiConfDlg.cpp
     1>d:\work\github\esdk_tp_sdk_windows_cpp\esdk_tp_sdk_windows_cpp\sample\esdk_tp_holdmulticonf_cpp_demo\holdmulticonf\holdmulticonfdlg.cpp(770): warning C4018: '<' : signed/unsigned mismatch
         HoldMultiConf.cpp
         Generating Code...
       ResourceCompile:
         C:\Program Files\Microsoft SDKs\Windows\v7.0A\bin\rc.exe /D _DEBUG /D _AFXDLL /l"0x0409" /IDebug\ /nologo /fo"Debug\HoldMultiConf.res" HoldMultiConf.rc 
       ManifestResourceCompile:
         C:\Program Files\Microsoft SDKs\Windows\v7.0A\bin\rc.exe /nologo /fo"Debug\eSDK_TP_Native_CPP_HoldMultiConf_Demo.exe.embed.manifest.res" Debug\eSDK_TP_Native_CPP_HoldMultiConf_Demo_manifest.rc 
       Link:
         d:\Program Files\Microsoft Visual Studio 10.0\VC\bin\link.exe /ERRORREPORT:PROMPT /OUT:"D:\work\github\eSDK_TP_SDK_Windows_CPP\eSDK_TP_SDK_Windows_CPP\sample\eSDK_TP_HoldMultiConf_CPP_Demo\Debug\eSDK_TP_Native_CPP_HoldMultiConf_Demo.exe" /INCREMENTAL /NOLOGO /LIBPATH:../input/lib/Debug TP_Native_SDK.lib /MANIFEST /ManifestFile:"Debug\eSDK_TP_Native_CPP_HoldMultiConf_Demo.exe.intermediate.manifest" /MANIFESTUAC:"level='asInvoker' uiAccess='false'" /DEBUG /PDB:"D:\work\github\eSDK_TP_SDK_Windows_CPP\eSDK_TP_SDK_Windows_CPP\sample\eSDK_TP_HoldMultiConf_CPP_Demo\Debug\eSDK_TP_Native_CPP_HoldMultiConf_Demo.pdb" /SUBSYSTEM:WINDOWS /TLBID:1 /DYNAMICBASE /NXCOMPAT /IMPLIB:"D:\work\github\eSDK_TP_SDK_Windows_CPP\eSDK_TP_SDK_Windows_CPP\sample\eSDK_TP_HoldMultiConf_CPP_Demo\Debug\eSDK_TP_Native_CPP_HoldMultiConf_Demo.lib" /MACHINE:X86 Debug\HoldMultiConf.res
         Debug\eSDK_TP_Native_CPP_HoldMultiConf_Demo.exe.embed.manifest.res
         Debug\HoldMultiConf.obj
         Debug\HoldMultiConfDlg.obj
         Debug\stdafx.obj
       Manifest:
         C:\Program Files\Microsoft SDKs\Windows\v7.0A\bin\mt.exe /nologo /verbose /out:"Debug\eSDK_TP_Native_CPP_HoldMultiConf_Demo.exe.embed.manifest" /manifest Debug\eSDK_TP_Native_CPP_HoldMultiConf_Demo.exe.intermediate.manifest "d:\Program Files\Microsoft Visual Studio 10.0\VC\Include\Manifest\dpiaware.manifest"
         C:\Program Files\Microsoft SDKs\Windows\v7.0A\bin\rc.exe /nologo /fo"Debug\eSDK_TP_Native_CPP_HoldMultiConf_Demo.exe.embed.manifest.res" Debug\eSDK_TP_Native_CPP_HoldMultiConf_Demo_manifest.rc 
       LinkEmbedManifest:
         d:\Program Files\Microsoft Visual Studio 10.0\VC\bin\link.exe /ERRORREPORT:PROMPT /OUT:"D:\work\github\eSDK_TP_SDK_Windows_CPP\eSDK_TP_SDK_Windows_CPP\sample\eSDK_TP_HoldMultiConf_CPP_Demo\Debug\eSDK_TP_Native_CPP_HoldMultiConf_Demo.exe" /INCREMENTAL /NOLOGO /LIBPATH:../input/lib/Debug TP_Native_SDK.lib /MANIFEST /ManifestFile:"Debug\eSDK_TP_Native_CPP_HoldMultiConf_Demo.exe.intermediate.manifest" /MANIFESTUAC:"level='asInvoker' uiAccess='false'" /DEBUG /PDB:"D:\work\github\eSDK_TP_SDK_Windows_CPP\eSDK_TP_SDK_Windows_CPP\sample\eSDK_TP_HoldMultiConf_CPP_Demo\Debug\eSDK_TP_Native_CPP_HoldMultiConf_Demo.pdb" /SUBSYSTEM:WINDOWS /TLBID:1 /DYNAMICBASE /NXCOMPAT /IMPLIB:"D:\work\github\eSDK_TP_SDK_Windows_CPP\eSDK_TP_SDK_Windows_CPP\sample\eSDK_TP_HoldMultiConf_CPP_Demo\Debug\eSDK_TP_Native_CPP_HoldMultiConf_Demo.lib" /MACHINE:X86 Debug\HoldMultiConf.res
         Debug\eSDK_TP_Native_CPP_HoldMultiConf_Demo.exe.embed.manifest.res
         Debug\HoldMultiConf.obj
         Debug\HoldMultiConfDlg.obj
         Debug\stdafx.obj
         HoldMultiConf.vcxproj -> D:\work\github\eSDK_TP_SDK_Windows_CPP\eSDK_TP_SDK_Windows_CPP\sample\eSDK_TP_HoldMultiConf_CPP_Demo\Debug\eSDK_TP_Native_CPP_HoldMultiConf_Demo.exe
       FinalizeBuildStatus:
         Deleting file "Debug\eSDK_TP_Native_CPP_HoldMultiConf_Demo.unsuccessfulbuild".
         Touching "Debug\eSDK_TP_Native_CPP_HoldMultiConf_Demo.lastbuildstate".
     1>Done Building Project "D:\work\github\eSDK_TP_SDK_Windows_CPP\eSDK_TP_SDK_Windows_CPP\sample\eSDK_TP_HoldMultiConf_CPP_Demo\HoldMultiConf\HoldMultiConf.vcxproj" (build target(s)).

Build succeeded.

Time Elapsed 00:00:06.75
